\BOOKMARK [1][-]{section.1}{\376\377\153\042\217\316\217\333\121\145\217\157\116\366\147\204\116\366\166\204\116\026\165\114}{}% 1
\BOOKMARK [2][-]{subsection.1.1}{\376\377\116\300\116\110\146\057\217\157\116\366\147\204\136\372}{section.1}% 2
\BOOKMARK [2][-]{subsection.1.2}{\376\377\147\204\136\372\116\072\116\300\116\110\221\315\211\201}{section.1}% 3
\BOOKMARK [1][-]{section.2}{\376\377\165\050\226\220\125\273\164\006\211\343\217\157\116\366\137\000\123\321}{}% 4
\BOOKMARK [2][-]{subsection.2.1}{\376\377\136\372\220\040\226\220\125\273}{section.2}% 5
\BOOKMARK [2][-]{subsection.2.2}{\376\377\135\362\147\011\176\304\116\366}{section.2}% 6
\BOOKMARK [2][-]{subsection.2.3}{\376\377\133\232\122\066\176\304\116\366}{section.2}% 7
\BOOKMARK [2][-]{subsection.2.4}{\376\377\226\062\153\142\217\307\136\246\213\241\122\022}{section.2}% 8
\BOOKMARK [2][-]{subsection.2.5}{\376\377\116\015\124\014\217\157\116\366\230\171\166\356}{section.2}% 9
\BOOKMARK [1][-]{section.3}{\376\377\147\204\136\372\122\115\147\037\121\306\131\007}{}% 10
\BOOKMARK [2][-]{subsection.3.1}{\376\377\122\115\147\037\121\306\131\007\166\204\221\315\211\201\140\047}{section.3}% 11
\BOOKMARK [2][-]{subsection.3.2}{\376\377\136\217\122\027\137\017\137\000\123\321\124\214\217\355\116\343\137\017\137\000\123\321\220\011\142\351}{section.3}% 12
\BOOKMARK [2][-]{subsection.3.3}{\376\377\225\356\230\230\133\232\116\111\166\204\121\110\121\263\147\141\116\366}{section.3}% 13
\BOOKMARK [2][-]{subsection.3.4}{\376\377\227\000\154\102\166\204\121\110\121\263\147\141\116\366}{section.3}% 14
\BOOKMARK [2][-]{subsection.3.5}{\376\377\147\266\147\204\166\204\121\110\121\263\147\141\116\366}{section.3}% 15
\BOOKMARK [2][-]{subsection.3.6}{\376\377\202\261\215\071\127\050\122\115\147\037\121\306\131\007\116\012\166\204\145\366\225\364}{section.3}% 16
\BOOKMARK [1][-]{section.4}{\376\377\121\163\225\056\166\204\147\204\136\372\121\263\173\126}{}% 17
\BOOKMARK [2][-]{subsection.4.1}{\376\377\220\011\142\351\177\026\172\013\213\355\212\000}{section.4}% 18
\BOOKMARK [2][-]{subsection.4.2}{\376\377\177\026\172\013\176\246\133\232}{section.4}% 19
\BOOKMARK [2][-]{subsection.4.3}{\376\377\155\361\121\145\116\000\171\315\213\355\212\000\123\273\177\026\172\013}{section.4}% 20
\BOOKMARK [1][-]{section.5}{\376\377\217\157\116\366\147\204\136\372\116\055\166\204\213\276\213\241}{}% 21
\BOOKMARK [2][-]{subsection.5.1}{\376\377\213\276\213\241\116\055\166\204\143\021\142\030}{section.5}% 22
\BOOKMARK [2][-]{subsection.5.2}{\376\377\121\163\225\056\166\204\213\276\213\241\151\202\137\365}{section.5}% 23
\BOOKMARK [2][-]{subsection.5.3}{\376\377\124\057\123\321\137\017\213\276\213\241\145\271\154\325}{section.5}% 24
\BOOKMARK [2][-]{subsection.5.4}{\376\377\213\276\213\241\133\236\215\365}{section.5}% 25
\BOOKMARK [1][-]{section.6}{\376\377\123\357\116\345\135\345\117\134\166\204\174\173}{}% 26
\BOOKMARK [2][-]{subsection.6.1}{\376\377\174\173\166\204\127\372\170\100\377\032\142\275\214\141\145\160\143\156\174\173\127\213}{section.6}% 27
\BOOKMARK [2][-]{subsection.6.2}{\376\377\202\157\131\175\166\204\174\173\143\245\123\343}{section.6}% 28
\BOOKMARK [2][-]{subsection.6.3}{\376\377\147\011\121\163\213\276\213\241\124\214\133\236\163\260\225\356\230\230}{section.6}% 29
\BOOKMARK [2][-]{subsection.6.4}{\376\377\122\033\136\372\174\173\166\204\123\237\126\340}{section.6}% 30
\BOOKMARK [2][-]{subsection.6.5}{\376\377\116\016\121\167\117\123\177\026\172\013\213\355\212\000\166\370\121\163\166\204\225\356\230\230}{section.6}% 31
\BOOKMARK [1][-]{section.7}{\376\377\232\330\215\050\221\317\166\204\133\120\172\013\136\217}{}% 32
\BOOKMARK [2][-]{subsection.7.1}{\376\377\122\033\136\372\133\120\172\013\136\217\127\060\153\143\137\123\147\011\164\006\165\061}{section.7}% 33
\BOOKMARK [2][-]{subsection.7.2}{\376\377\127\050\133\120\172\013\136\217\134\102\116\012\213\276\213\241}{section.7}% 34
\BOOKMARK [2][-]{subsection.7.3}{\376\377\131\175\166\204\133\120\172\013\136\217\124\015\133\127}{section.7}% 35
\BOOKMARK [2][-]{subsection.7.4}{\376\377\133\120\172\013\136\217\123\357\116\345\121\231\131\032\225\177}{section.7}% 36
\BOOKMARK [2][-]{subsection.7.5}{\376\377\131\202\117\125\117\177\165\050\133\120\172\013\136\217\123\302\145\160}{section.7}% 37
\BOOKMARK [2][-]{subsection.7.6}{\376\377\117\177\165\050\121\375\145\160\145\366\211\201\162\171\122\053\200\003\206\121\166\204\225\356\230\230}{section.7}% 38
\BOOKMARK [2][-]{subsection.7.7}{\376\377\133\217\133\120\172\013\136\217\124\214\121\205\200\124\133\120\172\013\136\217}{section.7}% 39
\BOOKMARK [1][-]{section.8}{\376\377\226\062\137\241\137\017\177\026\172\013}{}% 40
\BOOKMARK [2][-]{subsection.8.1}{\376\377\117\335\142\244\172\013\136\217\121\115\220\155\227\136\154\325\217\223\121\145\145\160\143\156\166\204\170\064\127\117}{section.8}% 41
\BOOKMARK [2][-]{subsection.8.2}{\376\377\145\255\212\000}{section.8}% 42
\BOOKMARK [2][-]{subsection.8.3}{\376\377\225\031\213\357\131\004\164\006\142\200\147\057}{section.8}% 43
\BOOKMARK [2][-]{subsection.8.4}{\376\377\137\002\136\070}{section.8}% 44
\BOOKMARK [2][-]{subsection.8.5}{\376\377\226\224\171\273\172\013\136\217\377\014\117\177\116\113\123\005\133\271\165\061\225\031\213\357\220\040\142\020\166\204\143\137\133\263}{section.8}% 45
\BOOKMARK [2][-]{subsection.8.6}{\376\377\217\205\122\251\214\003\213\325\166\204\116\343\170\001}{section.8}% 46
\BOOKMARK [2][-]{subsection.8.7}{\376\377\170\156\133\232\127\050\116\247\124\301\116\343\170\001\116\055\213\345\117\335\165\131\131\032\134\021\226\062\137\241\137\017\116\343\170\001}{section.8}% 47
\BOOKMARK [2][-]{subsection.8.8}{\376\377\133\371\226\062\137\241\137\017\177\026\172\013\221\307\123\326\226\062\137\241\166\204\131\377\140\001}{section.8}% 48
\BOOKMARK [1][-]{section.9}{\376\377\117\052\116\343\170\001\177\026\172\013\217\307\172\013}{}% 49
\BOOKMARK [2][-]{subsection.9.1}{\376\377\122\033\136\372\174\173\124\214\133\120\172\013\136\217\127\060\153\145\232\244\151\202\217\360}{section.9}% 50
\BOOKMARK [2][-]{subsection.9.2}{\376\377\117\052\116\343\170\001}{section.9}% 51
\BOOKMARK [2][-]{subsection.9.3}{\376\377\220\032\217\307\117\052\116\343\170\001\177\026\172\013\217\307\172\013\122\033\136\372\133\120\172\013\136\217}{section.9}% 52
\BOOKMARK [1][-]{section.10}{\376\377\117\177\165\050\123\330\221\317\166\204\116\000\202\054\116\213\230\171}{}% 53
\BOOKMARK [2][-]{subsection.10.1}{\376\377\145\160\143\156\213\244\167\345}{section.10}% 54
\BOOKMARK [2][-]{subsection.10.2}{\376\377\217\173\147\176\143\214\143\341\123\330\221\317\133\232\116\111}{section.10}% 55
\BOOKMARK [2][-]{subsection.10.3}{\376\377\123\330\221\317\122\035\131\313\123\026\123\237\122\031}{section.10}% 56
\BOOKMARK [2][-]{subsection.10.4}{\376\377\117\134\165\050\127\337}{section.10}% 57
\BOOKMARK [2][-]{subsection.10.5}{\376\377\143\001\176\355\140\047}{section.10}% 58
\BOOKMARK [2][-]{subsection.10.6}{\376\377\176\321\133\232\145\366\225\364}{section.10}% 59
\BOOKMARK [2][-]{subsection.10.7}{\376\377\145\160\143\156\174\173\127\213\124\214\143\247\122\066\176\323\147\204\116\113\225\364\166\204\121\163\174\373}{section.10}% 60
\BOOKMARK [2][-]{subsection.10.8}{\376\377\116\072\123\330\221\317\143\007\133\232\123\125\116\000\165\050\220\024}{section.10}% 61
\BOOKMARK [1][-]{section.11}{\376\377\123\330\221\317\124\015\166\204\122\233\221\317}{}% 62
\BOOKMARK [2][-]{subsection.11.1}{\376\377\220\011\142\351\131\175\123\330\221\317\124\015\166\204\154\350\141\017\116\213\230\171}{section.11}% 63
\BOOKMARK [2][-]{subsection.11.2}{\376\377\116\072\162\171\133\232\174\173\127\213\166\204\145\160\143\156\124\175\124\015}{section.11}% 64
\BOOKMARK [2][-]{subsection.11.3}{\376\377\124\175\124\015\211\304\122\031\166\204\122\233\221\317}{section.11}% 65
\BOOKMARK [2][-]{subsection.11.4}{\376\377\227\136\153\143\137\017\124\175\124\015\211\304\122\031}{section.11}% 66
\BOOKMARK [2][-]{subsection.11.5}{\376\377\150\007\121\306\122\115\177\000}{section.11}% 67
\BOOKMARK [2][-]{subsection.11.6}{\376\377\122\033\136\372\121\167\131\007\123\357\213\373\140\047\166\204\167\355\124\015\133\127}{section.11}% 68
\BOOKMARK [2][-]{subsection.11.7}{\376\377\136\224\213\345\220\177\121\115\166\204\124\015\133\127}{section.11}% 69
\BOOKMARK [1][-]{section.12}{\376\377\127\372\147\054\145\160\143\156\174\173\127\213}{}% 70
\BOOKMARK [2][-]{subsection.12.1}{\376\377\145\160\133\127\117\177\165\050\116\000\202\054\123\237\122\031}{section.12}% 71
\BOOKMARK [2][-]{subsection.12.2}{\376\377\145\164\145\160}{section.12}% 72
\BOOKMARK [2][-]{subsection.12.3}{\376\377\155\156\160\271\145\160}{section.12}% 73
\BOOKMARK [2][-]{subsection.12.4}{\376\377\133\127\173\046\124\214\133\127\173\046\116\062}{section.12}% 74
\BOOKMARK [2][-]{subsection.12.5}{\376\377\136\003\134\024\123\330\221\317}{section.12}% 75
\BOOKMARK [2][-]{subsection.12.6}{\376\377\147\232\116\076\174\173\127\213}{section.12}% 76
\BOOKMARK [2][-]{subsection.12.7}{\376\377\121\167\124\015\136\070\221\317}{section.12}% 77
\BOOKMARK [2][-]{subsection.12.8}{\376\377\145\160\176\304}{section.12}% 78
\BOOKMARK [2][-]{subsection.12.9}{\376\377\122\033\136\372\201\352\135\361\127\060\174\173\127\213\377\010\174\173\127\213\122\053\124\015\377\011}{section.12}% 79
\BOOKMARK [1][-]{section.13}{\376\377\116\015\136\070\211\301\166\204\145\160\143\156\174\173\127\213}{}% 80
\BOOKMARK [2][-]{subsection.13.1}{\376\377\176\323\147\204\117\123}{section.13}% 81
\BOOKMARK [2][-]{subsection.13.2}{\376\377\143\007\224\210}{section.13}% 82
\BOOKMARK [2][-]{subsection.13.3}{\376\377\121\150\134\100\145\160\143\156}{section.13}% 83
\BOOKMARK [1][-]{section.14}{\376\377\176\304\176\307\166\364\176\277\127\213\116\343\170\001}{}% 84
\BOOKMARK [2][-]{subsection.14.1}{\376\377\137\305\230\173\147\011\146\016\170\156\230\172\136\217\166\204\213\355\123\345}{section.14}% 85
\BOOKMARK [2][-]{subsection.14.2}{\376\377\230\172\136\217\145\340\121\163\166\204\213\355\123\345}{section.14}% 86
\BOOKMARK [1][-]{section.15}{\376\377\147\141\116\366\213\355\123\345}{}% 87
\BOOKMARK [2][-]{subsection.15.1}{\376\377\000i\000f\213\355\123\345}{section.15}% 88
\BOOKMARK [2][-]{subsection.15.2}{\376\377\000c\000a\000s\000e\213\355\123\345}{section.15}% 89
\BOOKMARK [1][-]{section.16}{\376\377\143\247\122\066\137\252\163\257}{}% 90
\BOOKMARK [2][-]{subsection.16.1}{\376\377\220\011\142\351\137\252\163\257\166\204\171\315\174\173}{section.16}% 91
\BOOKMARK [2][-]{subsection.16.2}{\376\377\137\252\163\257\143\247\122\066}{section.16}% 92
\BOOKMARK [2][-]{subsection.16.3}{\376\377\165\061\121\205\200\014\131\026\377\014\217\173\147\176\122\033\136\372\137\252\163\257}{section.16}% 93
\BOOKMARK [2][-]{subsection.16.4}{\376\377\137\252\163\257\124\214\145\160\176\304\166\204\121\163\174\373}{section.16}% 94
\BOOKMARK [1][-]{section.17}{\376\377\116\015\136\070\211\301\166\204\143\247\122\066\176\323\147\204}{}% 95
\BOOKMARK [2][-]{subsection.17.1}{\376\377\133\120\172\013\136\217\116\055\166\204\131\032\131\004\217\324\126\336}{section.17}% 96
\BOOKMARK [2][-]{subsection.17.2}{\376\377\220\022\137\122}{section.17}% 97
\BOOKMARK [2][-]{subsection.17.3}{\376\377\000g\000o\000t\000o}{section.17}% 98
\BOOKMARK [1][-]{section.18}{\376\377\210\150\232\161\122\250\154\325}{}% 99
\BOOKMARK [2][-]{subsection.18.1}{\376\377\210\150\232\161\122\250\154\325\117\177\165\050\140\073\122\031}{section.18}% 100
\BOOKMARK [2][-]{subsection.18.2}{\376\377\166\364\143\245\213\277\225\356\210\150}{section.18}% 101
\BOOKMARK [2][-]{subsection.18.3}{\376\377\175\042\137\025\213\277\225\356\210\150}{section.18}% 102
\BOOKMARK [2][-]{subsection.18.4}{\376\377\226\066\150\257\213\277\225\356\210\150}{section.18}% 103
\BOOKMARK [1][-]{section.19}{\376\377\116\000\202\054\143\247\122\066\225\356\230\230}{}% 104
\BOOKMARK [2][-]{subsection.19.1}{\376\377\136\003\134\024\210\150\217\276\137\017}{section.19}% 105
\BOOKMARK [2][-]{subsection.19.2}{\376\377\131\015\124\010\213\355\123\345}{section.19}% 106
\BOOKMARK [2][-]{subsection.19.3}{\376\377\172\172\213\355\123\345}{section.19}% 107
\BOOKMARK [2][-]{subsection.19.4}{\376\377\232\157\147\015\123\161\226\151\166\204\155\361\134\102\135\114\131\127}{section.19}% 108
\BOOKMARK [2][-]{subsection.19.5}{\376\377\177\026\172\013\127\372\170\100\377\032\176\323\147\204\123\026\177\026\172\013}{section.19}% 109
\BOOKMARK [2][-]{subsection.19.6}{\376\377\143\247\122\066\176\323\147\204\116\016\131\015\147\102\136\246}{section.19}% 110
\BOOKMARK [1][-]{section.20}{\376\377\217\157\116\366\215\050\221\317\151\202\217\360}{}% 111
\BOOKMARK [2][-]{subsection.20.1}{\376\377\217\157\116\366\215\050\221\317\166\204\162\171\140\047}{section.20}% 112
\BOOKMARK [2][-]{subsection.20.2}{\376\377\145\071\125\204\217\157\116\366\215\050\221\317\166\204\142\200\147\057}{section.20}% 113
\BOOKMARK [2][-]{subsection.20.3}{\376\377\116\015\124\014\215\050\221\317\117\335\226\234\142\200\147\057\166\204\166\370\133\371\145\110\200\375}{section.20}% 114
\BOOKMARK [2][-]{subsection.20.4}{\376\377\116\300\116\110\145\366\120\031\217\333\210\114\215\050\221\317\117\335\213\301\135\345\117\134}{section.20}% 115
\BOOKMARK [1][-]{section.21}{\376\377\123\117\124\014\147\204\136\372}{}% 116
\BOOKMARK [2][-]{subsection.21.1}{\376\377\123\117\124\014\137\000\123\321\133\236\215\365\151\202\211\201}{section.21}% 117
\BOOKMARK [2][-]{subsection.21.2}{\376\377\176\323\133\371\177\026\172\013}{section.21}% 118
\BOOKMARK [2][-]{subsection.21.3}{\376\377\153\143\137\017\150\300\147\345}{section.21}% 119
\BOOKMARK [2][-]{subsection.21.4}{\376\377\121\166\116\326\174\173\127\213\166\204\123\117\124\014\137\000\123\321\133\236\215\365}{section.21}% 120
\BOOKMARK [1][-]{section.22}{\376\377\137\000\123\321\200\005\155\113\213\325}{}% 121
\BOOKMARK [2][-]{subsection.22.1}{\376\377\137\000\123\321\200\005\155\113\213\325\127\050\217\157\116\366\215\050\221\317\116\055\166\204\211\322\202\162}{section.22}% 122
\BOOKMARK [2][-]{subsection.22.2}{\376\377\137\000\123\321\200\005\155\113\213\325\166\204\143\250\203\120\145\271\154\325}{section.22}% 123
\BOOKMARK [2][-]{subsection.22.3}{\376\377\155\113\213\325\142\200\135\347\225\046\126\312}{section.22}% 124
\BOOKMARK [2][-]{subsection.22.4}{\376\377\121\170\127\213\225\031\213\357}{section.22}% 125
\BOOKMARK [2][-]{subsection.22.5}{\376\377\155\113\213\325\145\057\143\001\135\345\121\167}{section.22}% 126
\BOOKMARK [2][-]{subsection.22.6}{\376\377\145\071\125\204\155\113\213\325\217\307\172\013}{section.22}% 127
\BOOKMARK [2][-]{subsection.22.7}{\376\377\117\335\165\131\155\113\213\325\213\260\137\125}{section.22}% 128
\BOOKMARK [1][-]{section.23}{\376\377\214\003\213\325}{}% 129
\BOOKMARK [1][-]{section.24}{\376\377\221\315\147\204}{}% 130
\BOOKMARK [1][-]{section.25}{\376\377\116\343\170\001\214\003\145\164\173\126\165\145}{}% 131
\BOOKMARK [1][-]{section.26}{\376\377\116\343\170\001\214\003\145\164\142\200\147\057}{}% 132
\BOOKMARK [1][-]{section.27}{\376\377\172\013\136\217\211\304\152\041\133\371\147\204\136\372\166\204\137\161\124\315}{}% 133
\BOOKMARK [1][-]{section.28}{\376\377\173\241\164\006\147\204\136\372}{}% 134
\BOOKMARK [1][-]{section.29}{\376\377\226\306\142\020}{}% 135
\BOOKMARK [1][-]{section.30}{\376\377\177\026\172\013\135\345\121\167}{}% 136
\BOOKMARK [1][-]{section.31}{\376\377\136\003\134\100\116\016\230\316\150\074}{}% 137
\BOOKMARK [1][-]{section.32}{\376\377\201\352\213\364\146\016\116\343\170\001}{}% 138
\BOOKMARK [1][-]{section.33}{\376\377\116\052\116\272\140\047\150\074}{}% 139
\BOOKMARK [1][-]{section.34}{\376\377\217\157\116\366\135\345\202\172}{}% 140
\BOOKMARK [1][-]{section.35}{\376\377\146\364\131\032\117\341\140\157}{}% 141
